<?xml version="1.0" encoding="UTF-8"?>
<!-- Generated by org.testng.reporters.JUnitReportReporter -->
<testsuite skipped="0" hostname="Vyjus-MBP.fios-router.home" name="com.righteye.LoginFormTest" tests="6" failures="0" timestamp="09 Apr 2019 03:45:01 GMT" time="1.880" errors="0">
  <testcase name="testIncorrectPassword" time="0.276" classname="com.righteye.LoginFormTest"/>
  <testcase name="testIncorrectEmail" time="0.267" classname="com.righteye.LoginFormTest"/>
  <testcase name="testSuccessfulLogin" time="0.289" classname="com.righteye.LoginFormTest"/>
  <testcase name="test4AttemptsLocked" time="0.363" classname="com.righteye.LoginFormTest"/>
  <testcase name="testNeedhelpLink" time="0.151" classname="com.righteye.LoginFormTest"/>
  <testcase name="test3IncorrectAttempts" time="0.534" classname="com.righteye.LoginFormTest"/>
</testsuite> <!-- com.righteye.LoginFormTest -->
